\BOOKMARK [1][-]{section.1}{\376\377\000I\000n\000p\000u\000t\000/\000O\000u\000t\000p\000u\000t}{}% 1
\BOOKMARK [1][-]{section.2}{\376\377\000B\000a\000s\000i\000c\000\040\000D\000a\000t\000a\000\040\000S\000t\000r\000u\000c\000t\000u\000r\000e\000s}{}% 2
\BOOKMARK [2][-]{subsection.2.1}{\376\377\000L\000i\000s\000t\000\040\000O\000p\000e\000r\000a\000t\000i\000o\000n\000s}{section.2}% 3
\BOOKMARK [2][-]{subsection.2.2}{\376\377\000D\000e\000q\000u\000e\000\040\000\050\000D\000o\000u\000b\000l\000e\000-\000e\000n\000d\000e\000d\000\040\000Q\000u\000e\000u\000e\000\051}{section.2}% 4
\BOOKMARK [2][-]{subsection.2.3}{\376\377\000H\000e\000a\000p\000\040\000\050\000P\000r\000i\000o\000r\000i\000t\000y\000\040\000Q\000u\000e\000u\000e\000\051}{section.2}% 5
\BOOKMARK [2][-]{subsection.2.4}{\376\377\000D\000i\000c\000t\000i\000o\000n\000a\000r\000y\000\040\000\046\000\040\000C\000o\000u\000n\000t\000e\000r}{section.2}% 6
\BOOKMARK [2][-]{subsection.2.5}{\376\377\000S\000e\000t\000\040\000O\000p\000e\000r\000a\000t\000i\000o\000n\000s}{section.2}% 7
\BOOKMARK [1][-]{section.3}{\376\377\000S\000t\000r\000i\000n\000g\000\040\000O\000p\000e\000r\000a\000t\000i\000o\000n\000s}{}% 8
\BOOKMARK [1][-]{section.4}{\376\377\000M\000a\000t\000h\000e\000m\000a\000t\000i\000c\000s}{}% 9
\BOOKMARK [2][-]{subsection.4.1}{\376\377\000B\000a\000s\000i\000c\000\040\000M\000a\000t\000h\000\040\000O\000p\000e\000r\000a\000t\000i\000o\000n\000s}{section.4}% 10
\BOOKMARK [2][-]{subsection.4.2}{\376\377\000C\000o\000m\000b\000i\000n\000a\000t\000o\000r\000i\000c\000s}{section.4}% 11
\BOOKMARK [1][-]{section.5}{\376\377\000N\000u\000m\000b\000e\000r\000\040\000T\000h\000e\000o\000r\000y}{}% 12
\BOOKMARK [2][-]{subsection.5.1}{\376\377\000M\000o\000d\000u\000l\000a\000r\000\040\000A\000r\000i\000t\000h\000m\000e\000t\000i\000c}{section.5}% 13
\BOOKMARK [2][-]{subsection.5.2}{\376\377\000S\000i\000e\000v\000e\000\040\000o\000f\000\040\000E\000r\000a\000t\000o\000s\000t\000h\000e\000n\000e\000s}{section.5}% 14
\BOOKMARK [2][-]{subsection.5.3}{\376\377\000P\000r\000i\000m\000e\000\040\000F\000a\000c\000t\000o\000r\000i\000z\000a\000t\000i\000o\000n}{section.5}% 15
\BOOKMARK [1][-]{section.6}{\376\377\000G\000r\000a\000p\000h\000\040\000A\000l\000g\000o\000r\000i\000t\000h\000m\000s}{}% 16
\BOOKMARK [2][-]{subsection.6.1}{\376\377\000G\000r\000a\000p\000h\000\040\000R\000e\000p\000r\000e\000s\000e\000n\000t\000a\000t\000i\000o\000n}{section.6}% 17
\BOOKMARK [2][-]{subsection.6.2}{\376\377\000B\000F\000S\000\040\000\050\000B\000r\000e\000a\000d\000t\000h\000-\000F\000i\000r\000s\000t\000\040\000S\000e\000a\000r\000c\000h\000\051}{section.6}% 18
\BOOKMARK [2][-]{subsection.6.3}{\376\377\000D\000F\000S\000\040\000\050\000D\000e\000p\000t\000h\000-\000F\000i\000r\000s\000t\000\040\000S\000e\000a\000r\000c\000h\000\051}{section.6}% 19
\BOOKMARK [1][-]{section.7}{\376\377\000S\000h\000o\000r\000t\000e\000s\000t\000\040\000P\000a\000t\000h\000\040\000A\000l\000g\000o\000r\000i\000t\000h\000m\000s}{}% 20
\BOOKMARK [2][-]{subsection.7.1}{\376\377\000D\000i\000j\000k\000s\000t\000r\000a\000'\000s\000\040\000A\000l\000g\000o\000r\000i\000t\000h\000m}{section.7}% 21
\BOOKMARK [1][-]{section.8}{\376\377\000T\000o\000p\000o\000l\000o\000g\000i\000c\000a\000l\000\040\000S\000o\000r\000t}{}% 22
\BOOKMARK [2][-]{subsection.8.1}{\376\377\000K\000a\000h\000n\000'\000s\000\040\000A\000l\000g\000o\000r\000i\000t\000h\000m\000\040\000\050\000B\000F\000S\000-\000b\000a\000s\000e\000d\000\051}{section.8}% 23
\BOOKMARK [2][-]{subsection.8.2}{\376\377\000D\000F\000S\000-\000b\000a\000s\000e\000d\000\040\000T\000o\000p\000o\000l\000o\000g\000i\000c\000a\000l\000\040\000S\000o\000r\000t}{section.8}% 24
\BOOKMARK [1][-]{section.9}{\376\377\000U\000n\000i\000o\000n\000-\000F\000i\000n\000d\000\040\000\050\000D\000i\000s\000j\000o\000i\000n\000t\000\040\000S\000e\000t\000\040\000U\000n\000i\000o\000n\000\051}{}% 25
\BOOKMARK [1][-]{section.10}{\376\377\000B\000i\000n\000a\000r\000y\000\040\000S\000e\000a\000r\000c\000h}{}% 26
\BOOKMARK [2][-]{subsection.10.1}{\376\377\000T\000e\000m\000p\000l\000a\000t\000e\000\040\000f\000o\000r\000\040\000F\000i\000n\000d\000i\000n\000g\000\040\000F\000i\000r\000s\000t\000/\000L\000a\000s\000t\000\040\000P\000o\000s\000i\000t\000i\000o\000n}{section.10}% 27
\BOOKMARK [1][-]{section.11}{\376\377\000D\000y\000n\000a\000m\000i\000c\000\040\000P\000r\000o\000g\000r\000a\000m\000m\000i\000n\000g}{}% 28
\BOOKMARK [2][-]{subsection.11.1}{\376\377\000L\000o\000n\000g\000e\000s\000t\000\040\000I\000n\000c\000r\000e\000a\000s\000i\000n\000g\000\040\000S\000u\000b\000s\000e\000q\000u\000e\000n\000c\000e}{section.11}% 29
\BOOKMARK [2][-]{subsection.11.2}{\376\377\0000\000/\0001\000\040\000K\000n\000a\000p\000s\000a\000c\000k}{section.11}% 30
\BOOKMARK [2][-]{subsection.11.3}{\376\377\000E\000d\000i\000t\000\040\000D\000i\000s\000t\000a\000n\000c\000e\000\040\000\050\000L\000e\000v\000e\000n\000s\000h\000t\000e\000i\000n\000\040\000D\000i\000s\000t\000a\000n\000c\000e\000\051}{section.11}% 31
\BOOKMARK [1][-]{section.12}{\376\377\000A\000r\000r\000a\000y\000\040\000T\000e\000c\000h\000n\000i\000q\000u\000e\000s}{}% 32
\BOOKMARK [2][-]{subsection.12.1}{\376\377\000P\000r\000e\000f\000i\000x\000\040\000S\000u\000m}{section.12}% 33
\BOOKMARK [2][-]{subsection.12.2}{\376\377\000D\000i\000f\000f\000e\000r\000e\000n\000c\000e\000\040\000A\000r\000r\000a\000y}{section.12}% 34
\BOOKMARK [2][-]{subsection.12.3}{\376\377\000S\000l\000i\000d\000i\000n\000g\000\040\000W\000i\000n\000d\000o\000w}{section.12}% 35
\BOOKMARK [1][-]{section.13}{\376\377\000A\000d\000v\000a\000n\000c\000e\000d\000\040\000D\000a\000t\000a\000\040\000S\000t\000r\000u\000c\000t\000u\000r\000e\000s}{}% 36
\BOOKMARK [2][-]{subsection.13.1}{\376\377\000S\000e\000g\000m\000e\000n\000t\000\040\000T\000r\000e\000e}{section.13}% 37
\BOOKMARK [2][-]{subsection.13.2}{\376\377\000F\000e\000n\000w\000i\000c\000k\000\040\000T\000r\000e\000e\000\040\000\050\000B\000i\000n\000a\000r\000y\000\040\000I\000n\000d\000e\000x\000e\000d\000\040\000T\000r\000e\000e\000\051}{section.13}% 38
\BOOKMARK [2][-]{subsection.13.3}{\376\377\000T\000r\000i\000e\000\040\000\050\000P\000r\000e\000f\000i\000x\000\040\000T\000r\000e\000e\000\051}{section.13}% 39
\BOOKMARK [1][-]{section.14}{\376\377\000B\000i\000t\000\040\000M\000a\000n\000i\000p\000u\000l\000a\000t\000i\000o\000n}{}% 40
\BOOKMARK [1][-]{section.15}{\376\377\000M\000a\000t\000r\000i\000x\000\040\000O\000p\000e\000r\000a\000t\000i\000o\000n\000s}{}% 41
\BOOKMARK [2][-]{subsection.15.1}{\376\377\000M\000a\000t\000r\000i\000x\000\040\000M\000u\000l\000t\000i\000p\000l\000i\000c\000a\000t\000i\000o\000n}{section.15}% 42
\BOOKMARK [2][-]{subsection.15.2}{\376\377\000M\000a\000t\000r\000i\000x\000\040\000E\000x\000p\000o\000n\000e\000n\000t\000i\000a\000t\000i\000o\000n}{section.15}% 43
\BOOKMARK [1][-]{section.16}{\376\377\000M\000i\000s\000c\000e\000l\000l\000a\000n\000e\000o\000u\000s\000\040\000T\000i\000p\000s}{}% 44
\BOOKMARK [2][-]{subsection.16.1}{\376\377\000P\000y\000t\000h\000o\000n\000-\000S\000p\000e\000c\000i\000f\000i\000c\000\040\000O\000p\000t\000i\000m\000i\000z\000a\000t\000i\000o\000n\000s}{section.16}% 45
\BOOKMARK [2][-]{subsection.16.2}{\376\377\000U\000s\000e\000f\000u\000l\000\040\000L\000i\000b\000r\000a\000r\000i\000e\000s}{section.16}% 46
\BOOKMARK [2][-]{subsection.16.3}{\376\377\000C\000o\000m\000m\000o\000n\000\040\000P\000a\000t\000t\000e\000r\000n\000s}{section.16}% 47
\BOOKMARK [2][-]{subsection.16.4}{\376\377\000C\000o\000m\000m\000o\000n\000\040\000P\000i\000t\000f\000a\000l\000l\000s}{section.16}% 48
